Using pre-set license
Built from '2022.3/staging' branch; Version is '2022.3.46f1 (8e9b8558c41a) revision 9345925'; Using compiler version '192829333'; Build Type 'Release'
OS: 'Windows 11  (10.0.26100) 64bit Core' Language: 'en' Physical Memory: 32509 MB
BatchMode: 1, IsHumanControllingUs: 0, StartBugReporterOnCrash: 0, Is64bit: 1, IsPro: 1

COMMAND LINE ARGUMENTS:
C:\Users\PC\Downloads\2022.3.46f1\Editor\Unity.exe
-adb2
-batchMode
-noUpm
-name
AssetImportWorker2
-projectPath
C:/Users/PC/Downloads/gi203-7-poomnapat-lab7/Lab 7
-logFile
Logs/AssetImportWorker2.log
-srvPort
60794
Successfully changed project path to: C:/Users/PC/Downloads/gi203-7-poomnapat-lab7/Lab 7
C:/Users/PC/Downloads/gi203-7-poomnapat-lab7/Lab 7
[UnityMemory] Configuration Parameters - Can be set up in boot.config
    "memorysetup-bucket-allocator-granularity=16"
    "memorysetup-bucket-allocator-bucket-count=8"
    "memorysetup-bucket-allocator-block-size=33554432"
    "memorysetup-bucket-allocator-block-count=8"
    "memorysetup-main-allocator-block-size=16777216"
    "memorysetup-thread-allocator-block-size=16777216"
    "memorysetup-gfx-main-allocator-block-size=16777216"
    "memorysetup-gfx-thread-allocator-block-size=16777216"
    "memorysetup-cache-allocator-block-size=4194304"
    "memorysetup-typetree-allocator-block-size=2097152"
    "memorysetup-profiler-bucket-allocator-granularity=16"
    "memorysetup-profiler-bucket-allocator-bucket-count=8"
    "memorysetup-profiler-bucket-allocator-block-size=33554432"
    "memorysetup-profiler-bucket-allocator-block-count=8"
    "memorysetup-profiler-allocator-block-size=16777216"
    "memorysetup-profiler-editor-allocator-block-size=1048576"
    "memorysetup-temp-allocator-size-main=16777216"
    "memorysetup-job-temp-allocator-block-size=2097152"
    "memorysetup-job-temp-allocator-block-size-background=1048576"
    "memorysetup-job-temp-allocator-reduction-small-platforms=262144"
    "memorysetup-allocator-temp-initial-block-size-main=262144"
    "memorysetup-allocator-temp-initial-block-size-worker=262144"
    "memorysetup-temp-allocator-size-background-worker=32768"
    "memorysetup-temp-allocator-size-job-worker=262144"
    "memorysetup-temp-allocator-size-preload-manager=33554432"
    "memorysetup-temp-allocator-size-nav-mesh-worker=65536"
    "memorysetup-temp-allocator-size-audio-worker=65536"
    "memorysetup-temp-allocator-size-cloud-worker=32768"
    "memorysetup-temp-allocator-size-gi-baking-worker=262144"
    "memorysetup-temp-allocator-size-gfx=262144"
Player connection [13392]  Target information:

Player connection [13392]  * "[IP] 192.168.1.107 [Port] 0 [Flags] 2 [Guid] 629266421 [EditorId] 629266421 [Version] 1048832 [Id] WindowsEditor(7,DESKTOP-50PRORM) [Debug] 1 [PackageName] WindowsEditor [ProjectName] Editor" 

Player connection [13392] Host joined multi-casting on [225.0.0.222:54997]...
Player connection [13392] Host joined alternative multi-casting on [225.0.0.222:34997]...
[PhysX] Initialized MultithreadedTaskDispatcher with 20 workers.
Refreshing native plugins compatible for Editor in 5.95 ms, found 3 plugins.
Preloading 0 native plugins for Editor in 0.00 ms.
Initialize engine version: 2022.3.46f1 (8e9b8558c41a)
[Subsystems] Discovering subsystems at path C:/Users/PC/Downloads/2022.3.46f1/Editor/Data/Resources/UnitySubsystems
[Subsystems] Discovering subsystems at path C:/Users/PC/Downloads/gi203-7-poomnapat-lab7/Lab 7/Assets
GfxDevice: creating device client; threaded=0; jobified=0
Direct3D:
    Version:  Direct3D 11.0 [level 11.1]
    Renderer: NVIDIA GeForce RTX 4060 (ID=0x2882)
    Vendor:   NVIDIA
    VRAM:     7957 MB
    Driver:   32.0.15.6094
Initialize mono
Mono path[0] = 'C:/Users/PC/Downloads/2022.3.46f1/Editor/Data/Managed'
Mono path[1] = 'C:/Users/PC/Downloads/2022.3.46f1/Editor/Data/MonoBleedingEdge/lib/mono/unityjit-win32'
Mono config path = 'C:/Users/PC/Downloads/2022.3.46f1/Editor/Data/MonoBleedingEdge/etc'
Using monoOptions --debugger-agent=transport=dt_socket,embedding=1,server=y,suspend=n,address=127.0.0.1:56904
Begin MonoManager ReloadAssembly
Registering precompiled unity dll's ...
Register platform support module: C:/Users/PC/Downloads/2022.3.46f1/Editor/Data/PlaybackEngines/WebGLSupport/UnityEditor.WebGL.Extensions.dll
Register platform support module: C:/Users/PC/Downloads/2022.3.46f1/Editor/Data/PlaybackEngines/WindowsStandaloneSupport/UnityEditor.WindowsStandalone.Extensions.dll
Registered in 0.003876 seconds.
- Loaded All Assemblies, in  0.236 seconds
Native extension for WindowsStandalone target not found
Native extension for WebGL target not found
Mono: successfully reloaded assembly
- Finished resetting the current domain, in  0.184 seconds
Domain Reload Profiling: 419ms
	BeginReloadAssembly (73ms)
		ExecutionOrderSort (0ms)
		DisableScriptedObjects (0ms)
		BackupInstance (0ms)
		ReleaseScriptingObjects (0ms)
		CreateAndSetChildDomain (1ms)
	RebuildCommonClasses (23ms)
	RebuildNativeTypeToScriptingClass (7ms)
	initialDomainReloadingComplete (37ms)
	LoadAllAssembliesAndSetupDomain (94ms)
		LoadAssemblies (72ms)
		RebuildTransferFunctionScriptingTraits (0ms)
		AnalyzeDomain (93ms)
			TypeCache.Refresh (92ms)
				TypeCache.ScanAssembly (83ms)
			ScanForSourceGeneratedMonoScriptInfo (0ms)
			ResolveRequiredComponents (0ms)
	FinalizeReload (185ms)
		ReleaseScriptCaches (0ms)
		RebuildScriptCaches (0ms)
		SetupLoadedEditorAssemblies (152ms)
			LogAssemblyErrors (0ms)
			InitializePlatformSupportModulesInManaged (7ms)
			SetLoadedEditorAssemblies (4ms)
			RefreshPlugins (0ms)
			BeforeProcessingInitializeOnLoad (1ms)
			ProcessInitializeOnLoadAttributes (105ms)
			ProcessInitializeOnLoadMethodAttributes (33ms)
			AfterProcessingInitializeOnLoad (0ms)
			EditorAssembliesLoaded (0ms)
		ExecutionOrderSort2 (0ms)
		AwakeInstancesAfterBackupRestoration (0ms)
========================================================================
Worker process is ready to serve import requests
Caller must complete domain reload
Begin MonoManager ReloadAssembly
- Loaded All Assemblies, in  0.439 seconds
Native extension for WindowsStandalone target not found
Native extension for WebGL target not found
Mono: successfully reloaded assembly
- Finished resetting the current domain, in  0.423 seconds
Domain Reload Profiling: 861ms
	BeginReloadAssembly (101ms)
		ExecutionOrderSort (0ms)
		DisableScriptedObjects (3ms)
		BackupInstance (0ms)
		ReleaseScriptingObjects (0ms)
		CreateAndSetChildDomain (13ms)
	RebuildCommonClasses (22ms)
	RebuildNativeTypeToScriptingClass (6ms)
	initialDomainReloadingComplete (28ms)
	LoadAllAssembliesAndSetupDomain (281ms)
		LoadAssemblies (216ms)
		RebuildTransferFunctionScriptingTraits (0ms)
		AnalyzeDomain (126ms)
			TypeCache.Refresh (103ms)
				TypeCache.ScanAssembly (92ms)
			ScanForSourceGeneratedMonoScriptInfo (15ms)
			ResolveRequiredComponents (7ms)
	FinalizeReload (424ms)
		ReleaseScriptCaches (0ms)
		RebuildScriptCaches (0ms)
		SetupLoadedEditorAssemblies (326ms)
			LogAssemblyErrors (0ms)
			InitializePlatformSupportModulesInManaged (5ms)
			SetLoadedEditorAssemblies (2ms)
			RefreshPlugins (0ms)
			BeforeProcessingInitializeOnLoad (47ms)
			ProcessInitializeOnLoadAttributes (216ms)
			ProcessInitializeOnLoadMethodAttributes (51ms)
			AfterProcessingInitializeOnLoad (3ms)
			EditorAssembliesLoaded (0ms)
		ExecutionOrderSort2 (0ms)
		AwakeInstancesAfterBackupRestoration (4ms)
Launched and connected shader compiler UnityShaderCompiler.exe after 0.03 seconds
Refreshing native plugins compatible for Editor in 2.34 ms, found 3 plugins.
Preloading 0 native plugins for Editor in 0.00 ms.
Unloading 4963 Unused Serialized files (Serialized files now loaded: 0)
Unloading 24 unused Assets / (348.8 KB). Loaded Objects now: 5426.
Memory consumption went from 198.2 MB to 197.8 MB.
Total: 2.800100 ms (FindLiveObjects: 0.223600 ms CreateObjectMapping: 0.123900 ms MarkObjects: 2.327900 ms  DeleteObjects: 0.122800 ms)

AssetImportParameters requested are different than current active one (requested -> active):
  custom:container-demuxer-ogg: 62fdf1f143b41e24485cea50d1cbac27 -> 
  custom:video-codec-MediaFoundation-h265: 746d11721c4dcdbdad8f713fa42b33f4 -> 
  custom:video-decoder-ogg-theora: a1e56fd34408186e4bbccfd4996cb3dc -> 
  custom:framework-win-MediaFoundation: 216162199b28c13a410421893ffa2e32 -> 
  custom:CustomObjectIndexerAttribute: 72b91833f83ae208fae7752999fa3104 -> 
  custom:container-demuxer-webm: 4f35f7cbe854078d1ac9338744f61a02 -> 
  custom:container-muxer-webm: aa71ff27fc2769a1b78a27578f13a17b -> 
  custom:video-decoder-webm-vp8: 9c59270c3fd7afecdb556c50c9e8de78 -> 
  custom:SearchIndexIgnoredProperties: e643bd26f0fe6173181afceb89e7c659 -> 
  custom:AudioImporter_EditorPlatform: d09bf68614088b80899f8185d706f6e7 -> 
  custom:video-encoder-webm-vp8: eb34c28f22e8b96e1ab97ce403110664 -> 
  custom:audio-decoder-ogg-vorbis: bf7c407c2cedff20999df2af8eb42d56 -> 
  custom:audio-encoder-webm-vorbis: bf7c407c2cedff20999df2af8eb42d56 -> 
========================================================================
Received Import Request.
  Time since last request: 439195.240450 seconds.
  path: Assets/Polyeler/Simple Aircraft Pack/Materials/Apron/Apron.mat
  artifactKey: Guid(ba17d162fad879848a3792e5d8a91fdf) Importer(815301076,1909f56bfc062723c751e8b465ee728b)
Start importing Assets/Polyeler/Simple Aircraft Pack/Materials/Apron/Apron.mat using Guid(ba17d162fad879848a3792e5d8a91fdf) Importer(815301076,1909f56bfc062723c751e8b465ee728b) [PhysX] Initialized MultithreadedTaskDispatcher with 20 workers.
[PhysX] Initialized MultithreadedTaskDispatcher with 20 workers.
 -> (artifact id: '72c28883006bfc74fa11471b267b734e') in 0.252423 seconds
Number of updated asset objects reloaded before import = 0
Number of asset objects unloaded after import = 22
========================================================================
Received Import Request.
  Time since last request: 200.493581 seconds.
  path: Assets/Polyeler/Simple Aircraft Pack/Materials/Aircraft/Tex 1.mat
  artifactKey: Guid(bf16070ba47b284489aea61482a482d3) Importer(815301076,1909f56bfc062723c751e8b465ee728b)
Start importing Assets/Polyeler/Simple Aircraft Pack/Materials/Aircraft/Tex 1.mat using Guid(bf16070ba47b284489aea61482a482d3) Importer(815301076,1909f56bfc062723c751e8b465ee728b) [PhysX] Initialized MultithreadedTaskDispatcher with 20 workers.
[PhysX] Initialized MultithreadedTaskDispatcher with 20 workers.
 -> (artifact id: '5ca6f2331160fa2f0843a01d8fbd94ec') in 0.013192 seconds
Number of updated asset objects reloaded before import = 0
Number of asset objects unloaded after import = 4
========================================================================
Received Import Request.
  Time since last request: 11.336028 seconds.
  path: Assets/Polyeler/Simple Aircraft Pack/Materials/Aircraft/Textures
  artifactKey: Guid(85d08cdd8d159804f96d615b000695b9) Importer(815301076,1909f56bfc062723c751e8b465ee728b)
Start importing Assets/Polyeler/Simple Aircraft Pack/Materials/Aircraft/Textures using Guid(85d08cdd8d159804f96d615b000695b9) Importer(815301076,1909f56bfc062723c751e8b465ee728b) [PhysX] Initialized MultithreadedTaskDispatcher with 20 workers.
 -> (artifact id: '2872017303875de4b0018651401f0362') in 0.000550 seconds
Number of updated asset objects reloaded before import = 0
Number of asset objects unloaded after import = 0
========================================================================
Received Import Request.
  Time since last request: 137.491220 seconds.
  path: Assets/Polyeler/Simple Aircraft Pack/Materials/Aircraft/Textures/Tex.png
  artifactKey: Guid(b07260c74be2bda40a588aa98fa471ae) Importer(815301076,1909f56bfc062723c751e8b465ee728b)
Start importing Assets/Polyeler/Simple Aircraft Pack/Materials/Aircraft/Textures/Tex.png using Guid(b07260c74be2bda40a588aa98fa471ae) Importer(815301076,1909f56bfc062723c751e8b465ee728b) [PhysX] Initialized MultithreadedTaskDispatcher with 20 workers.
[PhysX] Initialized MultithreadedTaskDispatcher with 20 workers.
 -> (artifact id: '4eafdb89716fd2bfe467a5119d51521a') in 0.034604 seconds
Number of updated asset objects reloaded before import = 0
Number of asset objects unloaded after import = 2
========================================================================
Received Import Request.
  Time since last request: 0.000024 seconds.
  path: Assets/Polyeler/Simple Aircraft Pack/Materials/Aircraft/Textures/Tex2.png
  artifactKey: Guid(718b2c64ba6698149888c32d2e7220ec) Importer(815301076,1909f56bfc062723c751e8b465ee728b)
Start importing Assets/Polyeler/Simple Aircraft Pack/Materials/Aircraft/Textures/Tex2.png using Guid(718b2c64ba6698149888c32d2e7220ec) Importer(815301076,1909f56bfc062723c751e8b465ee728b) [PhysX] Initialized MultithreadedTaskDispatcher with 20 workers.
[PhysX] Initialized MultithreadedTaskDispatcher with 20 workers.
 -> (artifact id: 'c5c0034d0bcb39ffcd57f8d58b764d4e') in 0.013276 seconds
Number of updated asset objects reloaded before import = 0
Number of asset objects unloaded after import = 2
========================================================================
Received Import Request.
  Time since last request: 0.000024 seconds.
  path: Assets/Polyeler/Simple Aircraft Pack/Materials/Aircraft/Textures/Tex1_illumination.png
  artifactKey: Guid(fba370eff86f3e44399fed4d20e2ed7d) Importer(815301076,1909f56bfc062723c751e8b465ee728b)
Start importing Assets/Polyeler/Simple Aircraft Pack/Materials/Aircraft/Textures/Tex1_illumination.png using Guid(fba370eff86f3e44399fed4d20e2ed7d) Importer(815301076,1909f56bfc062723c751e8b465ee728b) [PhysX] Initialized MultithreadedTaskDispatcher with 20 workers.
[PhysX] Initialized MultithreadedTaskDispatcher with 20 workers.
 -> (artifact id: '8489689d03c37268b86dbb19e0d28cd8') in 0.013600 seconds
Number of updated asset objects reloaded before import = 0
Number of asset objects unloaded after import = 2
========================================================================
Received Import Request.
  Time since last request: 156.937139 seconds.
  path: Assets/Polyeler/Simple Aircraft Pack/Materials/Apron/Textures/apronTex.png
  artifactKey: Guid(16ef61fc1f392c04bb3a50409c6fecc7) Importer(815301076,1909f56bfc062723c751e8b465ee728b)
Start importing Assets/Polyeler/Simple Aircraft Pack/Materials/Apron/Textures/apronTex.png using Guid(16ef61fc1f392c04bb3a50409c6fecc7) Importer(815301076,1909f56bfc062723c751e8b465ee728b) [PhysX] Initialized MultithreadedTaskDispatcher with 20 workers.
[PhysX] Initialized MultithreadedTaskDispatcher with 20 workers.
 -> (artifact id: '40f3aa3d4ad70fc4149f4264586801c8') in 0.018870 seconds
Number of updated asset objects reloaded before import = 0
Number of asset objects unloaded after import = 2
========================================================================
Received Import Request.
  Time since last request: 253.133768 seconds.
  path: Assets/Polyeler/Simple Aircraft Pack/Materials/Aircraft/Tex.mat
  artifactKey: Guid(c55632af572a4844683128f701b3957f) Importer(815301076,1909f56bfc062723c751e8b465ee728b)
Start importing Assets/Polyeler/Simple Aircraft Pack/Materials/Aircraft/Tex.mat using Guid(c55632af572a4844683128f701b3957f) Importer(815301076,1909f56bfc062723c751e8b465ee728b) [PhysX] Initialized MultithreadedTaskDispatcher with 20 workers.
[PhysX] Initialized MultithreadedTaskDispatcher with 20 workers.
 -> (artifact id: 'bdb8d6d9b7189389400f8b9cd547838f') in 0.026428 seconds
Number of updated asset objects reloaded before import = 0
Number of asset objects unloaded after import = 4
========================================================================
Received Import Request.
  Time since last request: 0.000031 seconds.
  path: Assets/Polyeler/Simple Aircraft Pack/Materials/Aircraft/Tex1 illumination.mat
  artifactKey: Guid(727f8c7b8b7a22444b5a1b350904d813) Importer(815301076,1909f56bfc062723c751e8b465ee728b)
Start importing Assets/Polyeler/Simple Aircraft Pack/Materials/Aircraft/Tex1 illumination.mat using Guid(727f8c7b8b7a22444b5a1b350904d813) Importer(815301076,1909f56bfc062723c751e8b465ee728b) [PhysX] Initialized MultithreadedTaskDispatcher with 20 workers.
[PhysX] Initialized MultithreadedTaskDispatcher with 20 workers.
 -> (artifact id: '550db9994ac934a0c4f221c80286a478') in 0.522955 seconds
Number of updated asset objects reloaded before import = 0
Number of asset objects unloaded after import = 4
========================================================================
Received Import Request.
  Time since last request: 0.000026 seconds.
  path: Assets/Polyeler/Simple Aircraft Pack/Materials/Aircraft/Tex illumination.mat
  artifactKey: Guid(e26faee539597b148968afc24e00d1f6) Importer(815301076,1909f56bfc062723c751e8b465ee728b)
Start importing Assets/Polyeler/Simple Aircraft Pack/Materials/Aircraft/Tex illumination.mat using Guid(e26faee539597b148968afc24e00d1f6) Importer(815301076,1909f56bfc062723c751e8b465ee728b) [PhysX] Initialized MultithreadedTaskDispatcher with 20 workers.
[PhysX] Initialized MultithreadedTaskDispatcher with 20 workers.
 -> (artifact id: '11a1a3041bb986348feeec64589d4e54') in 0.014765 seconds
Number of updated asset objects reloaded before import = 0
Number of asset objects unloaded after import = 4
========================================================================
Received Import Request.
  Time since last request: 0.000075 seconds.
  path: Assets/Polyeler/Simple Aircraft Pack/Materials/Aircraft/Tex2.mat
  artifactKey: Guid(89372c2db16fcd04b852048b6a613766) Importer(815301076,1909f56bfc062723c751e8b465ee728b)
Start importing Assets/Polyeler/Simple Aircraft Pack/Materials/Aircraft/Tex2.mat using Guid(89372c2db16fcd04b852048b6a613766) Importer(815301076,1909f56bfc062723c751e8b465ee728b) [PhysX] Initialized MultithreadedTaskDispatcher with 20 workers.
[PhysX] Initialized MultithreadedTaskDispatcher with 20 workers.
 -> (artifact id: 'd729f6360d21b7967a735213bca390ad') in 0.017541 seconds
Number of updated asset objects reloaded before import = 0
Number of asset objects unloaded after import = 4
========================================================================
Received Import Request.
  Time since last request: 24.494350 seconds.
  path: Assets/Free Galaxy Background/Galaxy 02.png
  artifactKey: Guid(a2a79110b304d304abdf054b3599a02b) Importer(815301076,1909f56bfc062723c751e8b465ee728b)
Start importing Assets/Free Galaxy Background/Galaxy 02.png using Guid(a2a79110b304d304abdf054b3599a02b) Importer(815301076,1909f56bfc062723c751e8b465ee728b) [PhysX] Initialized MultithreadedTaskDispatcher with 20 workers.
[PhysX] Initialized MultithreadedTaskDispatcher with 20 workers.
 -> (artifact id: '31313213587d4014b3064c67868a723e') in 0.031044 seconds
Number of updated asset objects reloaded before import = 0
Number of asset objects unloaded after import = 3
========================================================================
Received Import Request.
  Time since last request: 0.000061 seconds.
  path: Assets/Free Galaxy Background/Galaxy 10.png
  artifactKey: Guid(1f2dbfef7aaa9d94f88dfecc65df6f50) Importer(815301076,1909f56bfc062723c751e8b465ee728b)
Start importing Assets/Free Galaxy Background/Galaxy 10.png using Guid(1f2dbfef7aaa9d94f88dfecc65df6f50) Importer(815301076,1909f56bfc062723c751e8b465ee728b) [PhysX] Initialized MultithreadedTaskDispatcher with 20 workers.
[PhysX] Initialized MultithreadedTaskDispatcher with 20 workers.
 -> (artifact id: '960fe7aada89da0c1b4ae040ba7fd32a') in 0.017994 seconds
Number of updated asset objects reloaded before import = 0
Number of asset objects unloaded after import = 3
========================================================================
Received Import Request.
  Time since last request: 0.000145 seconds.
  path: Assets/Free Galaxy Background/Galaxy 05.png
  artifactKey: Guid(a351a0b27e67d654a83bc3d461c3d087) Importer(815301076,1909f56bfc062723c751e8b465ee728b)
Start importing Assets/Free Galaxy Background/Galaxy 05.png using Guid(a351a0b27e67d654a83bc3d461c3d087) Importer(815301076,1909f56bfc062723c751e8b465ee728b) [PhysX] Initialized MultithreadedTaskDispatcher with 20 workers.
[PhysX] Initialized MultithreadedTaskDispatcher with 20 workers.
 -> (artifact id: '7eebf53ca4f6398fb578988afd5a4171') in 0.018596 seconds
Number of updated asset objects reloaded before import = 0
Number of asset objects unloaded after import = 3
========================================================================
Received Import Request.
  Time since last request: 0.000022 seconds.
  path: Assets/Free Galaxy Background/Galaxy 09.png
  artifactKey: Guid(88e685fac0d1d37489b7d79b44b4c83c) Importer(815301076,1909f56bfc062723c751e8b465ee728b)
Start importing Assets/Free Galaxy Background/Galaxy 09.png using Guid(88e685fac0d1d37489b7d79b44b4c83c) Importer(815301076,1909f56bfc062723c751e8b465ee728b) [PhysX] Initialized MultithreadedTaskDispatcher with 20 workers.
[PhysX] Initialized MultithreadedTaskDispatcher with 20 workers.
 -> (artifact id: 'c13d71ed8919fe423e66de0a82b0b5a3') in 0.017681 seconds
Number of updated asset objects reloaded before import = 0
Number of asset objects unloaded after import = 3
Editor requested this worker to shutdown with reason: Scaling down because of idle timeout
TcpMessagingSession - receive error: operation aborted. errorcode: 995, details: The I/O operation has been aborted because of either a thread exit or an application request.
AssetImportWorker is now disconnected from the server
Process exiting
Exiting without the bug reporter. Application will terminate with return code 0